<?xml version="1.0" encoding="UTF-8" ?>
<testsuite failures="0" time="1.518" errors="0" skipped="0" tests="7" name="com.aironman.core.test.ServicioItemsTest">
  <properties>
    <property name="java.runtime.name" value="Java(TM) SE Runtime Environment"/>
    <property name="sun.boot.library.path" value="/System/Library/Java/JavaVirtualMachines/1.6.0.jdk/Contents/Libraries"/>
    <property name="java.vm.version" value="20.14-b01-447"/>
    <property name="awt.nativeDoubleBuffering" value="true"/>
    <property name="gopherProxySet" value="false"/>
    <property name="mrj.build" value="11M4203"/>
    <property name="java.vm.vendor" value="Apple Inc."/>
    <property name="java.vendor.url" value="http://www.apple.com/"/>
    <property name="path.separator" value=":"/>
    <property name="java.vm.name" value="Java HotSpot(TM) 64-Bit Server VM"/>
    <property name="file.encoding.pkg" value="sun.io"/>
    <property name="user.country" value="ES"/>
    <property name="sun.java.launcher" value="SUN_STANDARD"/>
    <property name="sun.os.patch.level" value="unknown"/>
    <property name="java.vm.specification.name" value="Java Virtual Machine Specification"/>
    <property name="user.dir" value="/Users/alonso/Documents/Proyecto Tienda Virtual"/>
    <property name="java.runtime.version" value="1.6.0_43-b01-447-11M4203"/>
    <property name="java.awt.graphicsenv" value="apple.awt.CGraphicsEnvironment"/>
    <property name="basedir" value="/Users/alonso/Documents/Proyecto Tienda Virtual"/>
    <property name="java.endorsed.dirs" value="/System/Library/Java/JavaVirtualMachines/1.6.0.jdk/Contents/Home/lib/endorsed"/>
    <property name="os.arch" value="x86_64"/>
    <property name="surefire.real.class.path" value="/Users/alonso/Documents/Proyecto Tienda Virtual/target/surefire/surefirebooter5162696314685523211.jar"/>
    <property name="java.io.tmpdir" value="/var/folders/qj/dmbpwmnx4gqdm0knl5lcxlsm0000gn/T/"/>
    <property name="line.separator" value="
"/>
    <property name="java.vm.specification.vendor" value="Sun Microsystems Inc."/>
    <property name="os.name" value="Mac OS X"/>
    <property name="sun.jnu.encoding" value="MacRoman"/>
    <property name="java.library.path" value=".:/Library/Java/Extensions:/System/Library/Java/Extensions:/usr/lib/java"/>
    <property name="surefire.test.class.path" value="/Users/alonso/Documents/Proyecto Tienda Virtual/target/test-classes:/Users/alonso/Documents/Proyecto Tienda Virtual/target/classes:/Users/alonso/.m2/repository/org/codehaus/jackson/jackson-jaxrs/1.9.0/jackson-jaxrs-1.9.0.jar:/Users/alonso/.m2/repository/org/codehaus/jackson/jackson-core-asl/1.9.0/jackson-core-asl-1.9.0.jar:/Users/alonso/.m2/repository/org/codehaus/jackson/jackson-mapper-asl/1.9.0/jackson-mapper-asl-1.9.0.jar:/Users/alonso/.m2/repository/javax/ws/rs/jsr311-api/1.1.1/jsr311-api-1.1.1.jar:/Users/alonso/.m2/repository/org/hibernate/hibernate/3.2.1.ga/hibernate-3.2.1.ga.jar:/Users/alonso/.m2/repository/net/sf/ehcache/ehcache/1.2.3/ehcache-1.2.3.jar:/Users/alonso/.m2/repository/javax/transaction/jta/1.0.1B/jta-1.0.1B.jar:/Users/alonso/.m2/repository/commons-logging/commons-logging/1.0.4/commons-logging-1.0.4.jar:/Users/alonso/.m2/repository/dom4j/dom4j/1.6.1/dom4j-1.6.1.jar:/Users/alonso/.m2/repository/antlr/antlr/2.7.6/antlr-2.7.6.jar:/Users/alonso/.m2/repository/commons-collections/commons-collections/2.1.1/commons-collections-2.1.1.jar:/Users/alonso/.m2/repository/org/hibernate/hibernate-annotations/3.2.0.ga/hibernate-annotations-3.2.0.ga.jar:/Users/alonso/.m2/repository/mysql/mysql-connector-java/5.1.9/mysql-connector-java-5.1.9.jar:/Users/alonso/.m2/repository/cglib/cglib-nodep/2.1_3/cglib-nodep-2.1_3.jar:/Users/alonso/.m2/repository/javax/persistence/persistence-api/1.0/persistence-api-1.0.jar:/Users/alonso/.m2/repository/commons-dbcp/commons-dbcp/1.2.2/commons-dbcp-1.2.2.jar:/Users/alonso/.m2/repository/commons-pool/commons-pool/1.3/commons-pool-1.3.jar:/Users/alonso/.m2/repository/org/springframework/spring-web/3.0.6.RELEASE/spring-web-3.0.6.RELEASE.jar:/Users/alonso/.m2/repository/aopalliance/aopalliance/1.0/aopalliance-1.0.jar:/Users/alonso/.m2/repository/org/springframework/spring-beans/3.0.6.RELEASE/spring-beans-3.0.6.RELEASE.jar:/Users/alonso/.m2/repository/org/springframework/spring-context/3.0.6.RELEASE/spring-context-3.0.6.RELEASE.jar:/Users/alonso/.m2/repository/org/springframework/spring-core/3.0.6.RELEASE/spring-core-3.0.6.RELEASE.jar:/Users/alonso/.m2/repository/org/springframework/spring-orm/3.0.6.RELEASE/spring-orm-3.0.6.RELEASE.jar:/Users/alonso/.m2/repository/org/springframework/spring-tx/3.0.6.RELEASE/spring-tx-3.0.6.RELEASE.jar:/Users/alonso/.m2/repository/org/springframework/spring-jdbc/3.0.6.RELEASE/spring-jdbc-3.0.6.RELEASE.jar:/Users/alonso/.m2/repository/org/springframework/spring-aop/3.0.6.RELEASE/spring-aop-3.0.6.RELEASE.jar:/Users/alonso/.m2/repository/org/springframework/spring-asm/3.0.6.RELEASE/spring-asm-3.0.6.RELEASE.jar:/Users/alonso/.m2/repository/org/springframework/spring-webmvc/3.0.6.RELEASE/spring-webmvc-3.0.6.RELEASE.jar:/Users/alonso/.m2/repository/org/springframework/spring-context-support/3.0.6.RELEASE/spring-context-support-3.0.6.RELEASE.jar:/Users/alonso/.m2/repository/org/springframework/spring-expression/3.0.6.RELEASE/spring-expression-3.0.6.RELEASE.jar:/Users/alonso/.m2/repository/hsqldb/hsqldb/1.8.0.7/hsqldb-1.8.0.7.jar:/Users/alonso/.m2/repository/org/slf4j/slf4j-simple/1.5.2/slf4j-simple-1.5.2.jar:/Users/alonso/.m2/repository/org/slf4j/slf4j-api/1.5.2/slf4j-api-1.5.2.jar:/Users/alonso/.m2/repository/javax/servlet/servlet-api/2.5/servlet-api-2.5.jar:/Users/alonso/.m2/repository/junit/junit/4.4/junit-4.4.jar:/Users/alonso/.m2/repository/org/unitils/unitils/1.0/unitils-1.0.jar:/Users/alonso/.m2/repository/commons-lang/commons-lang/2.2/commons-lang-2.2.jar:/Users/alonso/.m2/repository/ognl/ognl/2.6.9/ognl-2.6.9.jar:/Users/alonso/.m2/repository/org/apache/cxf/cxf-rt-core/2.8.0-SNAPSHOT/cxf-rt-core-2.8.0-SNAPSHOT.jar:/Users/alonso/.m2/repository/org/apache/cxf/cxf-api/2.8.0-SNAPSHOT/cxf-api-2.8.0-SNAPSHOT.jar:/Users/alonso/.m2/repository/org/codehaus/woodstox/woodstox-core-asl/4.2.0/woodstox-core-asl-4.2.0.jar:/Users/alonso/.m2/repository/org/codehaus/woodstox/stax2-api/3.1.1/stax2-api-3.1.1.jar:/Users/alonso/.m2/repository/wsdl4j/wsdl4j/1.6.3/wsdl4j-1.6.3.jar:/Users/alonso/.m2/repository/com/sun/xml/bind/jaxb-impl/2.1.13/jaxb-impl-2.1.13.jar:/Users/alonso/.m2/repository/org/apache/ws/xmlschema/xmlschema-core/2.0.3/xmlschema-core-2.0.3.jar:/Users/alonso/.m2/repository/org/apache/cxf/cxf-rt-frontend-jaxws/2.8.0-SNAPSHOT/cxf-rt-frontend-jaxws-2.8.0-SNAPSHOT.jar:/Users/alonso/.m2/repository/xml-resolver/xml-resolver/1.2/xml-resolver-1.2.jar:/Users/alonso/.m2/repository/asm/asm/3.3.1/asm-3.3.1.jar:/Users/alonso/.m2/repository/org/apache/cxf/cxf-rt-bindings-soap/2.8.0-SNAPSHOT/cxf-rt-bindings-soap-2.8.0-SNAPSHOT.jar:/Users/alonso/.m2/repository/org/apache/cxf/cxf-rt-databinding-jaxb/2.8.0-SNAPSHOT/cxf-rt-databinding-jaxb-2.8.0-SNAPSHOT.jar:/Users/alonso/.m2/repository/org/apache/cxf/cxf-rt-bindings-xml/2.8.0-SNAPSHOT/cxf-rt-bindings-xml-2.8.0-SNAPSHOT.jar:/Users/alonso/.m2/repository/org/apache/cxf/cxf-rt-frontend-simple/2.8.0-SNAPSHOT/cxf-rt-frontend-simple-2.8.0-SNAPSHOT.jar:/Users/alonso/.m2/repository/org/apache/cxf/cxf-rt-ws-addr/2.8.0-SNAPSHOT/cxf-rt-ws-addr-2.8.0-SNAPSHOT.jar:/Users/alonso/.m2/repository/org/apache/cxf/cxf-rt-ws-policy/2.8.0-SNAPSHOT/cxf-rt-ws-policy-2.8.0-SNAPSHOT.jar:/Users/alonso/.m2/repository/org/apache/neethi/neethi/3.0.2/neethi-3.0.2.jar:/Users/alonso/.m2/repository/org/apache/cxf/cxf-rt-transports-http/2.8.0-SNAPSHOT/cxf-rt-transports-http-2.8.0-SNAPSHOT.jar:/Users/alonso/.m2/repository/org/apache/cxf/cxf-rt-frontend-jaxrs/2.8.0-SNAPSHOT/cxf-rt-frontend-jaxrs-2.8.0-SNAPSHOT.jar:/Users/alonso/.m2/repository/javax/ws/rs/javax.ws.rs-api/2.0-rc3/javax.ws.rs-api-2.0-rc3.jar:/Users/alonso/.m2/repository/javax/annotation/javax.annotation-api/1.2-b02/javax.annotation-api-1.2-b02.jar:/Users/alonso/.m2/repository/taglibs/standard/1.1.2/standard-1.1.2.jar:/Users/alonso/.m2/repository/org/apache/activemq/activemq-core/5.6.0/activemq-core-5.6.0.jar:/Users/alonso/.m2/repository/org/apache/geronimo/specs/geronimo-jms_1.1_spec/1.1.1/geronimo-jms_1.1_spec-1.1.1.jar:/Users/alonso/.m2/repository/org/apache/activemq/kahadb/5.6.0/kahadb-5.6.0.jar:/Users/alonso/.m2/repository/org/apache/activemq/protobuf/activemq-protobuf/1.1/activemq-protobuf-1.1.jar:/Users/alonso/.m2/repository/org/fusesource/fuse-extra/fusemq-leveldb/1.1/fusemq-leveldb-1.1.jar:/Users/alonso/.m2/repository/org/fusesource/hawtbuf/hawtbuf-proto/1.9/hawtbuf-proto-1.9.jar:/Users/alonso/.m2/repository/org/fusesource/hawtdispatch/hawtdispatch-scala/1.9/hawtdispatch-scala-1.9.jar:/Users/alonso/.m2/repository/org/fusesource/hawtdispatch/hawtdispatch/1.9/hawtdispatch-1.9.jar:/Users/alonso/.m2/repository/org/iq80/leveldb/leveldb/0.2/leveldb-0.2.jar:/Users/alonso/.m2/repository/org/iq80/leveldb/leveldb-api/0.2/leveldb-api-0.2.jar:/Users/alonso/.m2/repository/com/google/inject/guice/3.0/guice-3.0.jar:/Users/alonso/.m2/repository/javax/inject/javax.inject/1/javax.inject-1.jar:/Users/alonso/.m2/repository/com/google/inject/extensions/guice-multibindings/3.0/guice-multibindings-3.0.jar:/Users/alonso/.m2/repository/com/google/guava/guava/10.0.1/guava-10.0.1.jar:/Users/alonso/.m2/repository/com/google/code/findbugs/jsr305/1.3.9/jsr305-1.3.9.jar:/Users/alonso/.m2/repository/org/fusesource/leveldbjni/leveldbjni-osx/1.2/leveldbjni-osx-1.2.jar:/Users/alonso/.m2/repository/org/fusesource/leveldbjni/leveldbjni/1.2/leveldbjni-1.2.jar:/Users/alonso/.m2/repository/org/fusesource/hawtjni/hawtjni-runtime/1.5/hawtjni-runtime-1.5.jar:/Users/alonso/.m2/repository/org/fusesource/leveldbjni/leveldbjni-linux32/1.2/leveldbjni-linux32-1.2.jar:/Users/alonso/.m2/repository/org/fusesource/leveldbjni/leveldbjni-linux64/1.2/leveldbjni-linux64-1.2.jar:/Users/alonso/.m2/repository/org/xerial/snappy/snappy-java/1.0.3/snappy-java-1.0.3.jar:/Users/alonso/.m2/repository/org/apache/hadoop/hadoop-core/1.0.0/hadoop-core-1.0.0.jar:/Users/alonso/.m2/repository/commons-configuration/commons-configuration/1.6/commons-configuration-1.6.jar:/Users/alonso/.m2/repository/commons-digester/commons-digester/1.8/commons-digester-1.8.jar:/Users/alonso/.m2/repository/commons-beanutils/commons-beanutils/1.7.0/commons-beanutils-1.7.0.jar:/Users/alonso/.m2/repository/commons-beanutils/commons-beanutils-core/1.8.0/commons-beanutils-core-1.8.0.jar:/Users/alonso/.m2/repository/org/mortbay/jetty/jetty/6.1.26/jetty-6.1.26.jar:/Users/alonso/.m2/repository/org/mortbay/jetty/servlet-api/2.5-20081211/servlet-api-2.5-20081211.jar:/Users/alonso/.m2/repository/org/mortbay/jetty/jetty-util/6.1.26/jetty-util-6.1.26.jar:/Users/alonso/.m2/repository/org/mortbay/jetty/jsp-api-2.1/6.1.14/jsp-api-2.1-6.1.14.jar:/Users/alonso/.m2/repository/org/mortbay/jetty/servlet-api-2.5/6.1.14/servlet-api-2.5-6.1.14.jar:/Users/alonso/.m2/repository/org/mortbay/jetty/jsp-2.1/6.1.14/jsp-2.1-6.1.14.jar:/Users/alonso/.m2/repository/ant/ant/1.6.5/ant-1.6.5.jar:/Users/alonso/.m2/repository/org/scala-lang/scala-library/2.9.1/scala-library-2.9.1.jar:/Users/alonso/.m2/repository/org/fusesource/mqtt-client/mqtt-client/1.0/mqtt-client-1.0.jar:/Users/alonso/.m2/repository/org/fusesource/hawtdispatch/hawtdispatch-transport/1.9/hawtdispatch-transport-1.9.jar:/Users/alonso/.m2/repository/org/fusesource/hawtbuf/hawtbuf/1.9/hawtbuf-1.9.jar:/Users/alonso/.m2/repository/org/osgi/org.osgi.core/4.1.0/org.osgi.core-4.1.0.jar:/Users/alonso/.m2/repository/org/apache/geronimo/specs/geronimo-j2ee-management_1.1_spec/1.0.1/geronimo-j2ee-management_1.1_spec-1.0.1.jar:/Users/alonso/.m2/repository/commons-net/commons-net/2.2/commons-net-2.2.jar:/Users/alonso/.m2/repository/org/jasypt/jasypt/1.8/jasypt-1.8.jar:/Users/alonso/.m2/repository/javax/mail/mail/1.4.4/mail-1.4.4.jar:/Users/alonso/.m2/repository/javax/activation/activation/1.1/activation-1.1.jar:/Users/alonso/.m2/repository/javax/jms/jms/1.1/jms-1.1.jar:"/>
    <property name="java.specification.name" value="Java Platform API Specification"/>
    <property name="java.class.version" value="50.0"/>
    <property name="sun.management.compiler" value="HotSpot 64-Bit Tiered Compilers"/>
    <property name="os.version" value="10.7.5"/>
    <property name="http.nonProxyHosts" value="local|*.local|169.254/16|*.169.254/16"/>
    <property name="user.home" value="/Users/alonso"/>
    <property name="user.timezone" value="Europe/Madrid"/>
    <property name="java.awt.printerjob" value="apple.awt.CPrinterJob"/>
    <property name="java.specification.version" value="1.6"/>
    <property name="file.encoding" value="MacRoman"/>
    <property name="user.name" value="alonso"/>
    <property name="java.class.path" value="/Users/alonso/Documents/Proyecto Tienda Virtual/target/test-classes:/Users/alonso/Documents/Proyecto Tienda Virtual/target/classes:/Users/alonso/.m2/repository/org/codehaus/jackson/jackson-jaxrs/1.9.0/jackson-jaxrs-1.9.0.jar:/Users/alonso/.m2/repository/org/codehaus/jackson/jackson-core-asl/1.9.0/jackson-core-asl-1.9.0.jar:/Users/alonso/.m2/repository/org/codehaus/jackson/jackson-mapper-asl/1.9.0/jackson-mapper-asl-1.9.0.jar:/Users/alonso/.m2/repository/javax/ws/rs/jsr311-api/1.1.1/jsr311-api-1.1.1.jar:/Users/alonso/.m2/repository/org/hibernate/hibernate/3.2.1.ga/hibernate-3.2.1.ga.jar:/Users/alonso/.m2/repository/net/sf/ehcache/ehcache/1.2.3/ehcache-1.2.3.jar:/Users/alonso/.m2/repository/javax/transaction/jta/1.0.1B/jta-1.0.1B.jar:/Users/alonso/.m2/repository/commons-logging/commons-logging/1.0.4/commons-logging-1.0.4.jar:/Users/alonso/.m2/repository/dom4j/dom4j/1.6.1/dom4j-1.6.1.jar:/Users/alonso/.m2/repository/antlr/antlr/2.7.6/antlr-2.7.6.jar:/Users/alonso/.m2/repository/commons-collections/commons-collections/2.1.1/commons-collections-2.1.1.jar:/Users/alonso/.m2/repository/org/hibernate/hibernate-annotations/3.2.0.ga/hibernate-annotations-3.2.0.ga.jar:/Users/alonso/.m2/repository/mysql/mysql-connector-java/5.1.9/mysql-connector-java-5.1.9.jar:/Users/alonso/.m2/repository/cglib/cglib-nodep/2.1_3/cglib-nodep-2.1_3.jar:/Users/alonso/.m2/repository/javax/persistence/persistence-api/1.0/persistence-api-1.0.jar:/Users/alonso/.m2/repository/commons-dbcp/commons-dbcp/1.2.2/commons-dbcp-1.2.2.jar:/Users/alonso/.m2/repository/commons-pool/commons-pool/1.3/commons-pool-1.3.jar:/Users/alonso/.m2/repository/org/springframework/spring-web/3.0.6.RELEASE/spring-web-3.0.6.RELEASE.jar:/Users/alonso/.m2/repository/aopalliance/aopalliance/1.0/aopalliance-1.0.jar:/Users/alonso/.m2/repository/org/springframework/spring-beans/3.0.6.RELEASE/spring-beans-3.0.6.RELEASE.jar:/Users/alonso/.m2/repository/org/springframework/spring-context/3.0.6.RELEASE/spring-context-3.0.6.RELEASE.jar:/Users/alonso/.m2/repository/org/springframework/spring-core/3.0.6.RELEASE/spring-core-3.0.6.RELEASE.jar:/Users/alonso/.m2/repository/org/springframework/spring-orm/3.0.6.RELEASE/spring-orm-3.0.6.RELEASE.jar:/Users/alonso/.m2/repository/org/springframework/spring-tx/3.0.6.RELEASE/spring-tx-3.0.6.RELEASE.jar:/Users/alonso/.m2/repository/org/springframework/spring-jdbc/3.0.6.RELEASE/spring-jdbc-3.0.6.RELEASE.jar:/Users/alonso/.m2/repository/org/springframework/spring-aop/3.0.6.RELEASE/spring-aop-3.0.6.RELEASE.jar:/Users/alonso/.m2/repository/org/springframework/spring-asm/3.0.6.RELEASE/spring-asm-3.0.6.RELEASE.jar:/Users/alonso/.m2/repository/org/springframework/spring-webmvc/3.0.6.RELEASE/spring-webmvc-3.0.6.RELEASE.jar:/Users/alonso/.m2/repository/org/springframework/spring-context-support/3.0.6.RELEASE/spring-context-support-3.0.6.RELEASE.jar:/Users/alonso/.m2/repository/org/springframework/spring-expression/3.0.6.RELEASE/spring-expression-3.0.6.RELEASE.jar:/Users/alonso/.m2/repository/hsqldb/hsqldb/1.8.0.7/hsqldb-1.8.0.7.jar:/Users/alonso/.m2/repository/org/slf4j/slf4j-simple/1.5.2/slf4j-simple-1.5.2.jar:/Users/alonso/.m2/repository/org/slf4j/slf4j-api/1.5.2/slf4j-api-1.5.2.jar:/Users/alonso/.m2/repository/javax/servlet/servlet-api/2.5/servlet-api-2.5.jar:/Users/alonso/.m2/repository/junit/junit/4.4/junit-4.4.jar:/Users/alonso/.m2/repository/org/unitils/unitils/1.0/unitils-1.0.jar:/Users/alonso/.m2/repository/commons-lang/commons-lang/2.2/commons-lang-2.2.jar:/Users/alonso/.m2/repository/ognl/ognl/2.6.9/ognl-2.6.9.jar:/Users/alonso/.m2/repository/org/apache/cxf/cxf-rt-core/2.8.0-SNAPSHOT/cxf-rt-core-2.8.0-SNAPSHOT.jar:/Users/alonso/.m2/repository/org/apache/cxf/cxf-api/2.8.0-SNAPSHOT/cxf-api-2.8.0-SNAPSHOT.jar:/Users/alonso/.m2/repository/org/codehaus/woodstox/woodstox-core-asl/4.2.0/woodstox-core-asl-4.2.0.jar:/Users/alonso/.m2/repository/org/codehaus/woodstox/stax2-api/3.1.1/stax2-api-3.1.1.jar:/Users/alonso/.m2/repository/wsdl4j/wsdl4j/1.6.3/wsdl4j-1.6.3.jar:/Users/alonso/.m2/repository/com/sun/xml/bind/jaxb-impl/2.1.13/jaxb-impl-2.1.13.jar:/Users/alonso/.m2/repository/org/apache/ws/xmlschema/xmlschema-core/2.0.3/xmlschema-core-2.0.3.jar:/Users/alonso/.m2/repository/org/apache/cxf/cxf-rt-frontend-jaxws/2.8.0-SNAPSHOT/cxf-rt-frontend-jaxws-2.8.0-SNAPSHOT.jar:/Users/alonso/.m2/repository/xml-resolver/xml-resolver/1.2/xml-resolver-1.2.jar:/Users/alonso/.m2/repository/asm/asm/3.3.1/asm-3.3.1.jar:/Users/alonso/.m2/repository/org/apache/cxf/cxf-rt-bindings-soap/2.8.0-SNAPSHOT/cxf-rt-bindings-soap-2.8.0-SNAPSHOT.jar:/Users/alonso/.m2/repository/org/apache/cxf/cxf-rt-databinding-jaxb/2.8.0-SNAPSHOT/cxf-rt-databinding-jaxb-2.8.0-SNAPSHOT.jar:/Users/alonso/.m2/repository/org/apache/cxf/cxf-rt-bindings-xml/2.8.0-SNAPSHOT/cxf-rt-bindings-xml-2.8.0-SNAPSHOT.jar:/Users/alonso/.m2/repository/org/apache/cxf/cxf-rt-frontend-simple/2.8.0-SNAPSHOT/cxf-rt-frontend-simple-2.8.0-SNAPSHOT.jar:/Users/alonso/.m2/repository/org/apache/cxf/cxf-rt-ws-addr/2.8.0-SNAPSHOT/cxf-rt-ws-addr-2.8.0-SNAPSHOT.jar:/Users/alonso/.m2/repository/org/apache/cxf/cxf-rt-ws-policy/2.8.0-SNAPSHOT/cxf-rt-ws-policy-2.8.0-SNAPSHOT.jar:/Users/alonso/.m2/repository/org/apache/neethi/neethi/3.0.2/neethi-3.0.2.jar:/Users/alonso/.m2/repository/org/apache/cxf/cxf-rt-transports-http/2.8.0-SNAPSHOT/cxf-rt-transports-http-2.8.0-SNAPSHOT.jar:/Users/alonso/.m2/repository/org/apache/cxf/cxf-rt-frontend-jaxrs/2.8.0-SNAPSHOT/cxf-rt-frontend-jaxrs-2.8.0-SNAPSHOT.jar:/Users/alonso/.m2/repository/javax/ws/rs/javax.ws.rs-api/2.0-rc3/javax.ws.rs-api-2.0-rc3.jar:/Users/alonso/.m2/repository/javax/annotation/javax.annotation-api/1.2-b02/javax.annotation-api-1.2-b02.jar:/Users/alonso/.m2/repository/taglibs/standard/1.1.2/standard-1.1.2.jar:/Users/alonso/.m2/repository/org/apache/activemq/activemq-core/5.6.0/activemq-core-5.6.0.jar:/Users/alonso/.m2/repository/org/apache/geronimo/specs/geronimo-jms_1.1_spec/1.1.1/geronimo-jms_1.1_spec-1.1.1.jar:/Users/alonso/.m2/repository/org/apache/activemq/kahadb/5.6.0/kahadb-5.6.0.jar:/Users/alonso/.m2/repository/org/apache/activemq/protobuf/activemq-protobuf/1.1/activemq-protobuf-1.1.jar:/Users/alonso/.m2/repository/org/fusesource/fuse-extra/fusemq-leveldb/1.1/fusemq-leveldb-1.1.jar:/Users/alonso/.m2/repository/org/fusesource/hawtbuf/hawtbuf-proto/1.9/hawtbuf-proto-1.9.jar:/Users/alonso/.m2/repository/org/fusesource/hawtdispatch/hawtdispatch-scala/1.9/hawtdispatch-scala-1.9.jar:/Users/alonso/.m2/repository/org/fusesource/hawtdispatch/hawtdispatch/1.9/hawtdispatch-1.9.jar:/Users/alonso/.m2/repository/org/iq80/leveldb/leveldb/0.2/leveldb-0.2.jar:/Users/alonso/.m2/repository/org/iq80/leveldb/leveldb-api/0.2/leveldb-api-0.2.jar:/Users/alonso/.m2/repository/com/google/inject/guice/3.0/guice-3.0.jar:/Users/alonso/.m2/repository/javax/inject/javax.inject/1/javax.inject-1.jar:/Users/alonso/.m2/repository/com/google/inject/extensions/guice-multibindings/3.0/guice-multibindings-3.0.jar:/Users/alonso/.m2/repository/com/google/guava/guava/10.0.1/guava-10.0.1.jar:/Users/alonso/.m2/repository/com/google/code/findbugs/jsr305/1.3.9/jsr305-1.3.9.jar:/Users/alonso/.m2/repository/org/fusesource/leveldbjni/leveldbjni-osx/1.2/leveldbjni-osx-1.2.jar:/Users/alonso/.m2/repository/org/fusesource/leveldbjni/leveldbjni/1.2/leveldbjni-1.2.jar:/Users/alonso/.m2/repository/org/fusesource/hawtjni/hawtjni-runtime/1.5/hawtjni-runtime-1.5.jar:/Users/alonso/.m2/repository/org/fusesource/leveldbjni/leveldbjni-linux32/1.2/leveldbjni-linux32-1.2.jar:/Users/alonso/.m2/repository/org/fusesource/leveldbjni/leveldbjni-linux64/1.2/leveldbjni-linux64-1.2.jar:/Users/alonso/.m2/repository/org/xerial/snappy/snappy-java/1.0.3/snappy-java-1.0.3.jar:/Users/alonso/.m2/repository/org/apache/hadoop/hadoop-core/1.0.0/hadoop-core-1.0.0.jar:/Users/alonso/.m2/repository/commons-configuration/commons-configuration/1.6/commons-configuration-1.6.jar:/Users/alonso/.m2/repository/commons-digester/commons-digester/1.8/commons-digester-1.8.jar:/Users/alonso/.m2/repository/commons-beanutils/commons-beanutils/1.7.0/commons-beanutils-1.7.0.jar:/Users/alonso/.m2/repository/commons-beanutils/commons-beanutils-core/1.8.0/commons-beanutils-core-1.8.0.jar:/Users/alonso/.m2/repository/org/mortbay/jetty/jetty/6.1.26/jetty-6.1.26.jar:/Users/alonso/.m2/repository/org/mortbay/jetty/servlet-api/2.5-20081211/servlet-api-2.5-20081211.jar:/Users/alonso/.m2/repository/org/mortbay/jetty/jetty-util/6.1.26/jetty-util-6.1.26.jar:/Users/alonso/.m2/repository/org/mortbay/jetty/jsp-api-2.1/6.1.14/jsp-api-2.1-6.1.14.jar:/Users/alonso/.m2/repository/org/mortbay/jetty/servlet-api-2.5/6.1.14/servlet-api-2.5-6.1.14.jar:/Users/alonso/.m2/repository/org/mortbay/jetty/jsp-2.1/6.1.14/jsp-2.1-6.1.14.jar:/Users/alonso/.m2/repository/ant/ant/1.6.5/ant-1.6.5.jar:/Users/alonso/.m2/repository/org/scala-lang/scala-library/2.9.1/scala-library-2.9.1.jar:/Users/alonso/.m2/repository/org/fusesource/mqtt-client/mqtt-client/1.0/mqtt-client-1.0.jar:/Users/alonso/.m2/repository/org/fusesource/hawtdispatch/hawtdispatch-transport/1.9/hawtdispatch-transport-1.9.jar:/Users/alonso/.m2/repository/org/fusesource/hawtbuf/hawtbuf/1.9/hawtbuf-1.9.jar:/Users/alonso/.m2/repository/org/osgi/org.osgi.core/4.1.0/org.osgi.core-4.1.0.jar:/Users/alonso/.m2/repository/org/apache/geronimo/specs/geronimo-j2ee-management_1.1_spec/1.0.1/geronimo-j2ee-management_1.1_spec-1.0.1.jar:/Users/alonso/.m2/repository/commons-net/commons-net/2.2/commons-net-2.2.jar:/Users/alonso/.m2/repository/org/jasypt/jasypt/1.8/jasypt-1.8.jar:/Users/alonso/.m2/repository/javax/mail/mail/1.4.4/mail-1.4.4.jar:/Users/alonso/.m2/repository/javax/activation/activation/1.1/activation-1.1.jar:/Users/alonso/.m2/repository/javax/jms/jms/1.1/jms-1.1.jar:"/>
    <property name="java.vm.specification.version" value="1.0"/>
    <property name="sun.arch.data.model" value="64"/>
    <property name="java.home" value="/System/Library/Java/JavaVirtualMachines/1.6.0.jdk/Contents/Home"/>
    <property name="sun.java.command" value="/Users/alonso/Documents/Proyecto Tienda Virtual/target/surefire/surefirebooter5162696314685523211.jar /Users/alonso/Documents/Proyecto Tienda Virtual/target/surefire/surefire8188506071710381742tmp /Users/alonso/Documents/Proyecto Tienda Virtual/target/surefire/surefire5789140265852011972tmp"/>
    <property name="java.specification.vendor" value="Sun Microsystems Inc."/>
    <property name="user.language" value="es"/>
    <property name="awt.toolkit" value="apple.awt.CToolkit"/>
    <property name="java.vm.info" value="mixed mode"/>
    <property name="java.version" value="1.6.0_43"/>
    <property name="java.ext.dirs" value="/Library/Java/Extensions:/System/Library/Java/Extensions:/System/Library/Java/JavaVirtualMachines/1.6.0.jdk/Contents/Home/lib/ext"/>
    <property name="sun.boot.class.path" value="/System/Library/Java/JavaVirtualMachines/1.6.0.jdk/Contents/Classes/jsfd.jar:/System/Library/Java/JavaVirtualMachines/1.6.0.jdk/Contents/Classes/classes.jar:/System/Library/Frameworks/JavaVM.framework/Frameworks/JavaRuntimeSupport.framework/Resources/Java/JavaRuntimeSupport.jar:/System/Library/Java/JavaVirtualMachines/1.6.0.jdk/Contents/Classes/ui.jar:/System/Library/Java/JavaVirtualMachines/1.6.0.jdk/Contents/Classes/laf.jar:/System/Library/Java/JavaVirtualMachines/1.6.0.jdk/Contents/Classes/sunrsasign.jar:/System/Library/Java/JavaVirtualMachines/1.6.0.jdk/Contents/Classes/jsse.jar:/System/Library/Java/JavaVirtualMachines/1.6.0.jdk/Contents/Classes/jce.jar:/System/Library/Java/JavaVirtualMachines/1.6.0.jdk/Contents/Classes/charsets.jar"/>
    <property name="java.vendor" value="Apple Inc."/>
    <property name="localRepository" value="/Users/alonso/.m2/repository"/>
    <property name="file.separator" value="/"/>
    <property name="java.vendor.url.bug" value="http://bugreport.apple.com/"/>
    <property name="sun.cpu.endian" value="little"/>
    <property name="sun.io.unicode.encoding" value="UnicodeLittle"/>
    <property name="mrj.version" value="1070.1.6.0_43-447"/>
    <property name="socksNonProxyHosts" value="local|*.local|169.254/16|*.169.254/16"/>
    <property name="ftp.nonProxyHosts" value="local|*.local|169.254/16|*.169.254/16"/>
    <property name="sun.cpu.isalist" value=""/>
  </properties>
  <testcase time="1.333" classname="com.aironman.core.test.ServicioItemsTest" name="testAddTwoSameItems"/>
  <testcase time="0.082" classname="com.aironman.core.test.ServicioItemsTest" name="testAddAndDeleteItemToSystem"/>
  <testcase time="0.021" classname="com.aironman.core.test.ServicioItemsTest" name="testUpdateItem"/>
  <testcase time="0.023" classname="com.aironman.core.test.ServicioItemsTest" name="testFindAll"/>
  <testcase time="0.011" classname="com.aironman.core.test.ServicioItemsTest" name="testFindByIsbn"/>
  <testcase time="0.016" classname="com.aironman.core.test.ServicioItemsTest" name="testgetDescriptionItem"/>
  <testcase time="0.011" classname="com.aironman.core.test.ServicioItemsTest" name="testgetPrizeItem"/>
</testsuite>